#
# A fatal error has been detected by the Java Runtime Environment:
#
#  EXCEPTION_ACCESS_VIOLATION (0xc0000005) at pc=0x00007ff8198f734f, pid=19448, tid=0x0000000000005870
#
# JRE version: Java(TM) SE Runtime Environment (8.0_171-b11) (build 1.8.0_171-b11)
# Java VM: Java HotSpot(TM) 64-Bit Server VM (25.171-b11 mixed mode windows-amd64 compressed oops)
# Problematic frame:
# C  [nvd3dumx.dll+0x9b734f]
#
# Failed to write core dump. Minidumps are not enabled by default on client versions of Windows
#
# If you would like to submit a bug report, please visit:
#   http://bugreport.java.com/bugreport/crash.jsp
# The crash happened outside the Java Virtual Machine in native code.
# See problematic frame for where to report the bug.
#

---------------  T H R E A D  ---------------

Current thread (0x000000001fd5a000):  JavaThread "AWT-Windows" daemon [_thread_in_native, id=22640, stack(0x00000000206e0000,0x00000000207e0000)]

siginfo: ExceptionCode=0xc0000005, writing address 0x0000000000000010

Registers:
RAX=0x00000000cafebabe, RBX=0x0000000020e45070, RCX=0x0000000000000004, RDX=0x0000000000000010
RSP=0x00000000207da9b0, RBP=0x0000000000000000, RSI=0x0000000000000000, RDI=0x0000000000000010
R8 =0x0000000000000020, R9 =0x0000000200061020, R10=0x000000000000000d, R11=0x00000000207da820
R12=0x0000000000b44138, R13=0x0000000020f09300, R14=0x0000000000b09248, R15=0x0000000200061000
RIP=0x00007ff8198f734f, EFLAGS=0x0000000000010202

Top of Stack: (sp=0x00000000207da9b0)
0x00000000207da9b0:   0000000020e45070 0000000000000000
0x00000000207da9c0:   0000000000000000 0000000000000001
0x00000000207da9d0:   00000000ffffffff 00007ff81976cc48
0x00000000207da9e0:   0000000000000000 0000000000b06840
0x00000000207da9f0:   0000000000000000 0000000000000001
0x00000000207daa00:   0000000000000000 00007ff8198e23fb
0x00000000207daa10:   0000000000000000 0000000000b44138
0x00000000207daa20:   0000000000b055e0 0000000000b06840
0x00000000207daa30:   0000000000000000 0000000020f09b38
0x00000000207daa40:   0000000020f09350 0000000020f09350
0x00000000207daa50:   0000000000b44101 0000000000000001
0x00000000207daa60:   0000000000000001 00007ff8198f89a7
0x00000000207daa70:   0000000000b07060 0000000000b44100
0x00000000207daa80:   00000000207dac01 0000000000000000
0x00000000207daa90:   00000000400000c0 0000000000000000
0x00000000207daaa0:   0000000000000000 0000000000000000 

Instructions: (pc=0x00007ff8198f734f)
0x00007ff8198f732f:   11 49 8b c8 48 2b cf 48 83 c1 03 48 c1 e9 02 49
0x00007ff8198f733f:   3b f8 48 0f 47 ce 48 85 c9 74 07 b8 be ba fe ca
0x00007ff8198f734f:   f3 ab 4d 8b f9 41 8b c7 49 c1 ef 20 83 e0 fc 41
0x00007ff8198f735f:   89 06 41 0f b6 c7 0f ba e8 09 41 89 46 04 ff 43 


Register to memory mapping:

RAX=0x00000000cafebabe is an unknown value
RBX=0x0000000020e45070 is an unknown value
RCX=0x0000000000000004 is an unknown value
RDX=0x0000000000000010 is an unknown value
RSP=0x00000000207da9b0 is pointing into the stack for thread: 0x000000001fd5a000
RBP=0x0000000000000000 is an unknown value
RSI=0x0000000000000000 is an unknown value
RDI=0x0000000000000010 is an unknown value
R8 =0x0000000000000020 is an unknown value
R9 =0x0000000200061020 is an unknown value
R10=0x000000000000000d is an unknown value
R11=0x00000000207da820 is pointing into the stack for thread: 0x000000001fd5a000
R12=0x0000000000b44138 is an unknown value
R13=0x0000000020f09300 is an unknown value
R14=0x0000000000b09248 is an unknown value
R15=0x0000000200061000 is an unknown value


Stack: [0x00000000206e0000,0x00000000207e0000],  sp=0x00000000207da9b0,  free space=1002k
Native frames: (J=compiled Java code, j=interpreted, Vv=VM code, C=native code)

Java frames: (J=compiled Java code, j=interpreted, Vv=VM code)
j  sun.java2d.d3d.D3DGraphicsDevice.getDeviceCapsNative(I)I+0
j  sun.java2d.d3d.D3DGraphicsDevice.access$000(I)I+1
j  sun.java2d.d3d.D3DGraphicsDevice$1.run()V+8
v  ~StubRoutines::call_stub
j  sun.awt.windows.WToolkit.eventLoop()V+0
j  sun.awt.windows.WToolkit.run()V+58
j  java.lang.Thread.run()V+11
v  ~StubRoutines::call_stub

---------------  P R O C E S S  ---------------

Java Threads: ( => current thread )
  0x000000000297e000 JavaThread "DestroyJavaVM" [_thread_blocked, id=15580, stack(0x00000000029a0000,0x0000000002aa0000)]
  0x000000001fda4000 JavaThread "AWT-EventQueue-0" [_thread_in_native, id=12988, stack(0x00000000208f0000,0x00000000209f0000)]
=>0x000000001fd5a000 JavaThread "AWT-Windows" daemon [_thread_in_native, id=22640, stack(0x00000000206e0000,0x00000000207e0000)]
  0x000000001fd58000 JavaThread "AWT-Shutdown" [_thread_blocked, id=27564, stack(0x00000000205e0000,0x00000000206e0000)]
  0x000000001fd57800 JavaThread "Java2D Disposer" daemon [_thread_blocked, id=8964, stack(0x00000000204e0000,0x00000000205e0000)]
  0x000000001dfd9800 JavaThread "Service Thread" daemon [_thread_blocked, id=26524, stack(0x000000001f9a0000,0x000000001faa0000)]
  0x000000001df5e800 JavaThread "C1 CompilerThread3" daemon [_thread_blocked, id=2408, stack(0x000000001f8a0000,0x000000001f9a0000)]
  0x000000001df5d000 JavaThread "C2 CompilerThread2" daemon [_thread_blocked, id=28588, stack(0x000000001f7a0000,0x000000001f8a0000)]
  0x000000001df55000 JavaThread "C2 CompilerThread1" daemon [_thread_blocked, id=29816, stack(0x000000001f6a0000,0x000000001f7a0000)]
  0x000000001df4e000 JavaThread "C2 CompilerThread0" daemon [_thread_blocked, id=19384, stack(0x000000001f5a0000,0x000000001f6a0000)]
  0x000000001df4c000 JavaThread "Attach Listener" daemon [_thread_blocked, id=22352, stack(0x000000001f4a0000,0x000000001f5a0000)]
  0x000000001df4b000 JavaThread "Signal Dispatcher" daemon [_thread_blocked, id=16784, stack(0x000000001f3a0000,0x000000001f4a0000)]
  0x000000001df43000 JavaThread "Finalizer" daemon [_thread_blocked, id=27552, stack(0x000000001f1b0000,0x000000001f2b0000)]
  0x0000000002b9b000 JavaThread "Reference Handler" daemon [_thread_blocked, id=1504, stack(0x000000001f0b0000,0x000000001f1b0000)]

Other Threads:
  0x000000001c845000 VMThread [stack: 0x000000001efb0000,0x000000001f0b0000] [id=26252]
  0x000000001dffc800 WatcherThread [stack: 0x000000001faa0000,0x000000001fba0000] [id=18132]

VM state:not at safepoint (normal execution)

VM Mutex/Monitor currently owned by a thread: None

Heap:
 PSYoungGen      total 76288K, used 7864K [0x000000076af00000, 0x0000000770400000, 0x00000007c0000000)
  eden space 65536K, 12% used [0x000000076af00000,0x000000076b6ae3f0,0x000000076ef00000)
  from space 10752K, 0% used [0x000000076f980000,0x000000076f980000,0x0000000770400000)
  to   space 10752K, 0% used [0x000000076ef00000,0x000000076ef00000,0x000000076f980000)
 ParOldGen       total 175104K, used 0K [0x00000006c0c00000, 0x00000006cb700000, 0x000000076af00000)
  object space 175104K, 0% used [0x00000006c0c00000,0x00000006c0c00000,0x00000006cb700000)
 Metaspace       used 5652K, capacity 5874K, committed 5888K, reserved 1056768K
  class space    used 678K, capacity 762K, committed 768K, reserved 1048576K

Card table byte_map: [0x0000000011f60000,0x0000000012760000] byte_map_base: 0x000000000e95a000

Marking Bits: (ParMarkBitMap*) 0x000000005d6908c0
 Begin Bits: [0x00000000136c0000, 0x0000000017690000)
 End Bits:   [0x0000000017690000, 0x000000001b660000)

Polling page: 0x0000000000a10000

CodeCache: size=245760Kb used=1543Kb max_used=1543Kb free=244216Kb
 bounds [0x0000000002ba0000, 0x0000000002e10000, 0x0000000011ba0000]
 total_blobs=561 nmethods=235 adapters=239
 compilation: enabled

Compilation events (10 events):
Event: 0.119 Thread 0x000000001df5e800  231       3       java.util.ArrayList::rangeCheck (22 bytes)
Event: 0.120 Thread 0x000000001df5e800 nmethod 231 0x0000000002d1f350 code [0x0000000002d1f560, 0x0000000002d20018]
Event: 0.120 Thread 0x000000001df5e800  232       3       java.util.ArrayList::elementData (7 bytes)
Event: 0.120 Thread 0x000000001df5e800 nmethod 232 0x0000000002d205d0 code [0x0000000002d20720, 0x0000000002d208b0]
Event: 0.121 Thread 0x000000001df5e800  235       3       java.util.HashMap::afterNodeInsertion (1 bytes)
Event: 0.122 Thread 0x000000001df5e800 nmethod 235 0x0000000002d20990 code [0x0000000002d20ae0, 0x0000000002d20c30]
Event: 0.122 Thread 0x000000001df5e800  233       3       java.util.HashMap$Node::<init> (26 bytes)
Event: 0.122 Thread 0x000000001df5e800 nmethod 233 0x0000000002d20c90 code [0x0000000002d20de0, 0x0000000002d20ff0]
Event: 0.122 Thread 0x000000001df5e800  234       3       java.util.HashMap::newNode (13 bytes)
Event: 0.122 Thread 0x000000001df5e800 nmethod 234 0x0000000002d210d0 code [0x0000000002d21240, 0x0000000002d214f0]

GC Heap History (0 events):
No events

Deoptimization events (0 events):
No events

Classes redefined (0 events):
No events

Internal exceptions (10 events):
Event: 0.023 Thread 0x000000000297e000 Exception <a 'java/lang/NoSuchMethodError': Method sun.misc.Unsafe.defineClass(Ljava/lang/String;[BII)Ljava/lang/Class; name or signature does not match> (0x000000076af07cb0) thrown at [C:\re\workspace\8-2-build-windows-amd64-cygwin\jdk8u171\10807\hotspot
Event: 0.023 Thread 0x000000000297e000 Exception <a 'java/lang/NoSuchMethodError': Method sun.misc.Unsafe.prefetchRead(Ljava/lang/Object;J)V name or signature does not match> (0x000000076af07f98) thrown at [C:\re\workspace\8-2-build-windows-amd64-cygwin\jdk8u171\10807\hotspot\src\share\vm\prim
Event: 0.064 Thread 0x000000000297e000 Exception <a 'java/security/PrivilegedActionException'> (0x000000076afa0658) thrown at [C:\re\workspace\8-2-build-windows-amd64-cygwin\jdk8u171\10807\hotspot\src\share\vm\prims\jvm.cpp, line 1435]
Event: 0.064 Thread 0x000000000297e000 Exception <a 'java/security/PrivilegedActionException'> (0x000000076afa0868) thrown at [C:\re\workspace\8-2-build-windows-amd64-cygwin\jdk8u171\10807\hotspot\src\share\vm\prims\jvm.cpp, line 1435]
Event: 0.064 Thread 0x000000000297e000 Exception <a 'java/security/PrivilegedActionException'> (0x000000076afa44d8) thrown at [C:\re\workspace\8-2-build-windows-amd64-cygwin\jdk8u171\10807\hotspot\src\share\vm\prims\jvm.cpp, line 1435]
Event: 0.064 Thread 0x000000000297e000 Exception <a 'java/security/PrivilegedActionException'> (0x000000076afa46e8) thrown at [C:\re\workspace\8-2-build-windows-amd64-cygwin\jdk8u171\10807\hotspot\src\share\vm\prims\jvm.cpp, line 1435]
Event: 0.068 Thread 0x000000000297e000 Exception <a 'java/io/FileNotFoundException'> (0x000000076afa9b48) thrown at [C:\re\workspace\8-2-build-windows-amd64-cygwin\jdk8u171\10807\hotspot\src\share\vm\prims\jni.cpp, line 709]
Event: 0.088 Thread 0x000000000297e000 Exception <a 'java/lang/NoSuchFieldError': method resolution failed> (0x000000076b1c1f38) thrown at [C:\re\workspace\8-2-build-windows-amd64-cygwin\jdk8u171\10807\hotspot\src\share\vm\prims\methodHandles.cpp, line 1167]
Event: 0.089 Thread 0x000000000297e000 Exception <a 'java/lang/NoSuchFieldError': method resolution failed> (0x000000076b1cf308) thrown at [C:\re\workspace\8-2-build-windows-amd64-cygwin\jdk8u171\10807\hotspot\src\share\vm\prims\methodHandles.cpp, line 1167]
Event: 0.123 Thread 0x000000001fda4000 Exception <a 'java/io/FileNotFoundException'> (0x000000076b4315f8) thrown at [C:\re\workspace\8-2-build-windows-amd64-cygwin\jdk8u171\10807\hotspot\src\share\vm\prims\jni.cpp, line 709]

Events (10 events):
Event: 0.140 loading class sun/java2d/pipe/RenderQueue done
Event: 0.140 loading class sun/java2d/d3d/D3DRenderQueue done
Event: 0.140 loading class sun/java2d/pipe/RenderBuffer
Event: 0.140 loading class sun/java2d/pipe/RenderBuffer done
Event: 0.140 loading class sun/java2d/d3d/D3DRenderQueue$1
Event: 0.140 loading class sun/java2d/d3d/D3DRenderQueue$1 done
Event: 0.141 loading class sun/java2d/d3d/D3DGraphicsDevice$1Result
Event: 0.141 loading class sun/java2d/d3d/D3DGraphicsDevice$1Result done
Event: 0.141 loading class sun/java2d/d3d/D3DGraphicsDevice$1
Event: 0.141 loading class sun/java2d/d3d/D3DGraphicsDevice$1 done


Dynamic libraries:
0x00007ff6bc320000 - 0x00007ff6bc357000 	C:\Program Files\Java\jre1.8.0_171\bin\javaw.exe
0x00007ff87e4b0000 - 0x00007ff87e691000 	C:\Windows\SYSTEM32\ntdll.dll
0x00007ff87bf40000 - 0x00007ff87bff2000 	C:\Windows\System32\KERNEL32.DLL
0x00007ff87a970000 - 0x00007ff87abe3000 	C:\Windows\System32\KERNELBASE.dll
0x00007ff87c080000 - 0x00007ff87c121000 	C:\Windows\System32\ADVAPI32.dll
0x00007ff87df30000 - 0x00007ff87dfce000 	C:\Windows\System32\msvcrt.dll
0x00007ff87c130000 - 0x00007ff87c18b000 	C:\Windows\System32\sechost.dll
0x00007ff87c320000 - 0x00007ff87c444000 	C:\Windows\System32\RPCRT4.dll
0x00007ff87bd90000 - 0x00007ff87bf20000 	C:\Windows\System32\USER32.dll
0x00007ff87b920000 - 0x00007ff87b940000 	C:\Windows\System32\win32u.dll
0x00007ff87d980000 - 0x00007ff87d9a8000 	C:\Windows\System32\GDI32.dll
0x00007ff87b5d0000 - 0x00007ff87b762000 	C:\Windows\System32\gdi32full.dll
0x00007ff87a880000 - 0x00007ff87a91f000 	C:\Windows\System32\msvcp_win.dll
0x00007ff87b770000 - 0x00007ff87b86a000 	C:\Windows\System32\ucrtbase.dll
0x00007ff8739e0000 - 0x00007ff873c49000 	C:\Windows\WinSxS\amd64_microsoft.windows.common-controls_6595b64144ccf1df_6.0.17134.285_none_fb4297e330656775\COMCTL32.dll
0x00007ff87d9b0000 - 0x00007ff87dcd3000 	C:\Windows\System32\combase.dll
0x00007ff87abf0000 - 0x00007ff87ac6a000 	C:\Windows\System32\bcryptPrimitives.dll
0x00007ff87e340000 - 0x00007ff87e36d000 	C:\Windows\System32\IMM32.DLL
0x000000005caf0000 - 0x000000005cbc2000 	C:\Program Files\Java\jre1.8.0_171\bin\msvcr100.dll
0x000000005ce70000 - 0x000000005d710000 	C:\Program Files\Java\jre1.8.0_171\bin\server\jvm.dll
0x00007ff87dfd0000 - 0x00007ff87dfd8000 	C:\Windows\System32\PSAPI.DLL
0x00007ff877240000 - 0x00007ff877249000 	C:\Windows\SYSTEM32\WSOCK32.dll
0x00007ff875c40000 - 0x00007ff875c4a000 	C:\Windows\SYSTEM32\VERSION.dll
0x00007ff878a50000 - 0x00007ff878a73000 	C:\Windows\SYSTEM32\WINMM.dll
0x00007ff87dce0000 - 0x00007ff87dd4c000 	C:\Windows\System32\WS2_32.dll
0x00007ff878900000 - 0x00007ff87892a000 	C:\Windows\SYSTEM32\winmmbase.dll
0x00007ff87a920000 - 0x00007ff87a969000 	C:\Windows\System32\cfgmgr32.dll
0x000000005cd80000 - 0x000000005cd8f000 	C:\Program Files\Java\jre1.8.0_171\bin\verify.dll
0x000000005cd50000 - 0x000000005cd79000 	C:\Program Files\Java\jre1.8.0_171\bin\java.dll
0x000000005cd30000 - 0x000000005cd46000 	C:\Program Files\Java\jre1.8.0_171\bin\zip.dll
0x00007ff87c450000 - 0x00007ff87d890000 	C:\Windows\System32\SHELL32.dll
0x00007ff87e3d0000 - 0x00007ff87e479000 	C:\Windows\System32\shcore.dll
0x00007ff87ac70000 - 0x00007ff87b37d000 	C:\Windows\System32\windows.storage.dll
0x00007ff87e140000 - 0x00007ff87e191000 	C:\Windows\System32\shlwapi.dll
0x00007ff87a860000 - 0x00007ff87a871000 	C:\Windows\System32\kernel.appcore.dll
0x00007ff87a840000 - 0x00007ff87a85f000 	C:\Windows\System32\profapi.dll
0x00007ff87a7f0000 - 0x00007ff87a83c000 	C:\Windows\System32\powrprof.dll
0x00007ff87a7c0000 - 0x00007ff87a7ca000 	C:\Windows\System32\FLTLIB.DLL
0x000000005c950000 - 0x000000005cae8000 	C:\Program Files\Java\jre1.8.0_171\bin\awt.dll
0x00007ff87dd60000 - 0x00007ff87de22000 	C:\Windows\System32\OLEAUT32.dll
0x00007ff878b50000 - 0x00007ff878bdb000 	C:\Windows\SYSTEM32\apphelp.dll
0x00007ff878dd0000 - 0x00007ff878e68000 	C:\Windows\system32\uxtheme.dll
0x00007ff87c190000 - 0x00007ff87c305000 	C:\Windows\System32\MSCTF.dll
0x00007ff878f50000 - 0x00007ff878f79000 	C:\Windows\system32\dwmapi.dll
0x00007ff87dfe0000 - 0x00007ff87e131000 	C:\Windows\System32\ole32.dll
0x00007ff84d6b0000 - 0x00007ff84d7d0000 	C:\Windows\system32\opengl32.dll
0x00007ff84dc40000 - 0x00007ff84dc6c000 	C:\Windows\SYSTEM32\GLU32.dll
0x00007ff871640000 - 0x00007ff8717d7000 	C:\Windows\system32\d3d9.dll
0x00007ff873de0000 - 0x00007ff873ecc000 	C:\Windows\System32\DriverStore\FileRepository\nv_dispi.inf_amd64_adc520364db29861\nvldumdx.dll
0x00007ff87b380000 - 0x00007ff87b562000 	C:\Windows\System32\crypt32.dll
0x00007ff87a7d0000 - 0x00007ff87a7e2000 	C:\Windows\System32\MSASN1.dll
0x00007ff87b570000 - 0x00007ff87b5c7000 	C:\Windows\System32\WINTRUST.DLL
0x00007ff87bf20000 - 0x00007ff87bf3d000 	C:\Windows\System32\imagehlp.dll
0x00007ff87a1f0000 - 0x00007ff87a207000 	C:\Windows\SYSTEM32\CRYPTSP.dll
0x00007ff879bc0000 - 0x00007ff879bf3000 	C:\Windows\system32\rsaenh.dll
0x00007ff87a320000 - 0x00007ff87a345000 	C:\Windows\SYSTEM32\bcrypt.dll
0x00007ff87a210000 - 0x00007ff87a21b000 	C:\Windows\SYSTEM32\CRYPTBASE.dll
0x00007ff818f40000 - 0x00007ff81a179000 	C:\Windows\System32\DriverStore\FileRepository\nv_dispi.inf_amd64_adc520364db29861\nvd3dumx.dll

VM Arguments:
jvm_args: -Dfile.encoding=Cp1252 
java_command: application.GUI
java_class_path (initial): C:\Program Files\Java\jre1.8.0_171\lib\resources.jar;C:\Program Files\Java\jre1.8.0_171\lib\rt.jar;C:\Program Files\Java\jre1.8.0_171\lib\jsse.jar;C:\Program Files\Java\jre1.8.0_171\lib\jce.jar;C:\Program Files\Java\jre1.8.0_171\lib\charsets.jar;C:\Program Files\Java\jre1.8.0_171\lib\jfr.jar;C:\Program Files\Java\jre1.8.0_171\lib\ext\access-bridge-64.jar;C:\Program Files\Java\jre1.8.0_171\lib\ext\cldrdata.jar;C:\Program Files\Java\jre1.8.0_171\lib\ext\dnsns.jar;C:\Program Files\Java\jre1.8.0_171\lib\ext\jaccess.jar;C:\Program Files\Java\jre1.8.0_171\lib\ext\jfxrt.jar;C:\Program Files\Java\jre1.8.0_171\lib\ext\localedata.jar;C:\Program Files\Java\jre1.8.0_171\lib\ext\nashorn.jar;C:\Program Files\Java\jre1.8.0_171\lib\ext\sunec.jar;C:\Program Files\Java\jre1.8.0_171\lib\ext\sunjce_provider.jar;C:\Program Files\Java\jre1.8.0_171\lib\ext\sunmscapi.jar;C:\Program Files\Java\jre1.8.0_171\lib\ext\sunpkcs11.jar;C:\Program Files\Java\jre1.8.0_171\lib\ext\zipfs.jar;C:\Users\Niran\git\SWEN225_GroupProject\bin
Launcher Type: SUN_STANDARD

Environment Variables:
PATH=C:/Program Files/Java/jre1.8.0_171/bin/server;C:/Program Files/Java/jre1.8.0_171/bin;C:/Program Files/Java/jre1.8.0_171/lib/amd64;C:\Program Files (x86)\Common Files\Oracle\Java\javapath;C:\Program Files (x86)\Intel\iCLS Client\;C:\Program Files\Intel\iCLS Client\;C:\Windows\system32;C:\Windows;C:\Windows\System32\Wbem;C:\Windows\System32\WindowsPowerShell\v1.0\;C:\Windows\System32\OpenSSH\;C:\Program Files (x86)\NVIDIA Corporation\PhysX\Common;C:\Program Files (x86)\Intel\Intel(R) Management Engine Components\DAL;C:\Program Files\Intel\Intel(R) Management Engine Components\DAL;C:\Program Files (x86)\Intel\Intel(R) Management Engine Components\IPT;C:\Program Files\Intel\Intel(R) Management Engine Components\IPT;C:\Users\Niran\AppData\Local\Microsoft\WindowsApps;;C:\Users\Niran\Downloads\eclipse-java-photon-R-win32-x86_64\eclipse;
USERNAME=Niran
OS=Windows_NT
PROCESSOR_IDENTIFIER=Intel64 Family 6 Model 158 Stepping 10, GenuineIntel



---------------  S Y S T E M  ---------------

OS: Windows 10.0 , 64 bit Build 17134 (10.0.17134.1)

CPU:total 12 (initial active 12) (6 cores per cpu, 2 threads per core) family 6 model 158 stepping 10, cmov, cx8, fxsr, mmx, sse, sse2, sse3, ssse3, sse4.1, sse4.2, popcnt, avx, avx2, aes, clmul, erms, rtm, 3dnowpref, lzcnt, ht, tsc, tscinvbit, bmi1, bmi2, adx

Memory: 4k page, physical 16727316k(9124548k free), swap 47181584k(3116k free)

vm_info: Java HotSpot(TM) 64-Bit Server VM (25.171-b11) for windows-amd64 JRE (1.8.0_171-b11), built on Mar 28 2018 16:06:12 by "java_re" with MS VC++ 10.0 (VS2010)

time: Tue Oct 09 23:02:22 2018
elapsed time: 0 seconds (0d 0h 0m 0s)

