#
# There is insufficient memory for the Java Runtime Environment to continue.
# Native memory allocation (malloc) failed to allocate 314496 bytes for Chunk::new
# Possible reasons:
#   The system is out of physical RAM or swap space
#   In 32 bit mode, the process size limit was hit
# Possible solutions:
#   Reduce memory load on the system
#   Increase physical memory or swap space
#   Check if swap backing store is full
#   Use 64 bit Java on a 64 bit OS
#   Decrease Java heap size (-Xmx/-Xms)
#   Decrease number of Java threads
#   Decrease Java thread stack sizes (-Xss)
#   Set larger code cache with -XX:ReservedCodeCacheSize=
# This output file may be truncated or incomplete.
#
#  Out of Memory Error (allocation.cpp:390), pid=21736, tid=0x0000000000003288
#
# JRE version: Java(TM) SE Runtime Environment (8.0_171-b11) (build 1.8.0_171-b11)
# Java VM: Java HotSpot(TM) 64-Bit Server VM (25.171-b11 mixed mode windows-amd64 compressed oops)
# Failed to write core dump. Minidumps are not enabled by default on client versions of Windows
#

---------------  T H R E A D  ---------------

Current thread (0x000000001e8c8800):  JavaThread "C2 CompilerThread1" daemon [_thread_in_native, id=12936, stack(0x0000000020010000,0x0000000020110000)]

Stack: [0x0000000020010000,0x0000000020110000]
[error occurred during error reporting (printing stack bounds), id 0xc0000005]

Native frames: (J=compiled Java code, j=interpreted, Vv=VM code, C=native code)


Current CompileTask:
C2:   1276  879       4       sun.awt.image.OffScreenImageSource::sendPixels (733 bytes)


---------------  P R O C E S S  ---------------

Java Threads: ( => current thread )
  0x000000002092e000 JavaThread "D3D Screen Updater" daemon [_thread_blocked, id=27784, stack(0x000000002ab20000,0x000000002ac20000)]
  0x0000000020782800 JavaThread "Image Fetcher 0" daemon [_thread_blocked, id=28540, stack(0x000000002aa20000,0x000000002ab20000)]
  0x000000000323e000 JavaThread "DestroyJavaVM" [_thread_blocked, id=28788, stack(0x0000000003330000,0x0000000003430000)]
  0x00000000206b8800 JavaThread "AWT-EventQueue-0" [_thread_in_Java, id=14024, stack(0x00000000212f0000,0x00000000213f0000)]
  0x00000000206b2000 JavaThread "AWT-Windows" daemon [_thread_in_native, id=22456, stack(0x0000000021050000,0x0000000021150000)]
  0x00000000206b0000 JavaThread "AWT-Shutdown" [_thread_blocked, id=30240, stack(0x0000000020f50000,0x0000000021050000)]
  0x00000000206af800 JavaThread "Java2D Disposer" daemon [_thread_blocked, id=24040, stack(0x0000000020e50000,0x0000000020f50000)]
  0x000000001e94e800 JavaThread "Service Thread" daemon [_thread_blocked, id=27912, stack(0x0000000020310000,0x0000000020410000)]
  0x000000001e8d2800 JavaThread "C1 CompilerThread3" daemon [_thread_blocked, id=724, stack(0x0000000020210000,0x0000000020310000)]
  0x000000001e8d2000 JavaThread "C2 CompilerThread2" daemon [_thread_blocked, id=20684, stack(0x0000000020110000,0x0000000020210000)]
=>0x000000001e8c8800 JavaThread "C2 CompilerThread1" daemon [_thread_in_native, id=12936, stack(0x0000000020010000,0x0000000020110000)]
  0x000000001e8bc000 JavaThread "C2 CompilerThread0" daemon [_thread_blocked, id=13344, stack(0x000000001ff10000,0x0000000020010000)]
  0x000000001e8ba000 JavaThread "Attach Listener" daemon [_thread_blocked, id=25688, stack(0x000000001fe10000,0x000000001ff10000)]
  0x000000001e8c2800 JavaThread "Signal Dispatcher" daemon [_thread_blocked, id=24868, stack(0x000000001fd10000,0x000000001fe10000)]
  0x000000001e8b3000 JavaThread "Finalizer" daemon [_thread_blocked, id=29172, stack(0x000000001fb20000,0x000000001fc20000)]
  0x000000001d1dc800 JavaThread "Reference Handler" daemon [_thread_blocked, id=15848, stack(0x000000001fa20000,0x000000001fb20000)]

Other Threads:
  0x000000001e892800 VMThread [stack: 0x000000001f920000,0x000000001fa20000] [id=28632]
  0x000000001e971800 WatcherThread [stack: 0x0000000020410000,0x0000000020510000] [id=6496]

VM state:not at safepoint (normal execution)

VM Mutex/Monitor currently owned by a thread: None

Heap:
 PSYoungGen      total 76288K, used 34211K [0x000000076af00000, 0x0000000770400000, 0x00000007c0000000)
  eden space 65536K, 52% used [0x000000076af00000,0x000000076d068d28,0x000000076ef00000)
  from space 10752K, 0% used [0x000000076f980000,0x000000076f980000,0x0000000770400000)
  to   space 10752K, 0% used [0x000000076ef00000,0x000000076ef00000,0x000000076f980000)
 ParOldGen       total 175104K, used 0K [0x00000006c0c00000, 0x00000006cb700000, 0x000000076af00000)
  object space 175104K, 0% used [0x00000006c0c00000,0x00000006c0c00000,0x00000006cb700000)
 Metaspace       used 12079K, capacity 12226K, committed 12416K, reserved 1060864K
  class space    used 1544K, capacity 1613K, committed 1664K, reserved 1048576K

Card table byte_map: [0x00000000128f0000,0x00000000130f0000] byte_map_base: 0x000000000f2ea000

Marking Bits: (ParMarkBitMap*) 0x000000005d6908c0
 Begin Bits: [0x0000000014050000, 0x0000000018020000)
 End Bits:   [0x0000000018020000, 0x000000001bff0000)

Polling page: 0x00000000013e0000

CodeCache: size=245760Kb used=3538Kb max_used=3555Kb free=242221Kb
 bounds [0x0000000003530000, 0x00000000038b0000, 0x0000000012530000]
 total_blobs=1387 nmethods=878 adapters=422
 compilation: enabled

Compilation events (10 events):
Event: 1.258 Thread 0x000000001e8d2800 nmethod 877 0x0000000003892a10 code [0x0000000003892bc0, 0x0000000003893208]
Event: 1.258 Thread 0x000000001e8d2800  875       3       com.sun.imageio.plugins.jpeg.JPEGImageReader$CallBackLock::lock (8 bytes)
Event: 1.258 Thread 0x000000001e8d2800 nmethod 875 0x0000000003899dd0 code [0x0000000003899f20, 0x000000000389a090]
Event: 1.258 Thread 0x000000001e8d2800  876   !   3       com.sun.imageio.plugins.jpeg.JPEGImageReader::acceptPixels (522 bytes)
Event: 1.260 Thread 0x000000001e8d2800 nmethod 876 0x000000000389a110 code [0x000000000389a7e0, 0x000000000389ed48]
Event: 1.265 Thread 0x000000001e8d2800  878       3       com.sun.imageio.plugins.jpeg.JPEGImageReader$CallBackLock::unlock (8 bytes)
Event: 1.265 Thread 0x000000001e8d2800 nmethod 878 0x00000000038a5210 code [0x00000000038a5360, 0x00000000038a54d0]
Event: 1.265 Thread 0x000000001e8bc000 nmethod 873 0x00000000038a5550 code [0x00000000038a56c0, 0x00000000038a6098]
Event: 1.270 Thread 0x000000001e8d2000 nmethod 868% 0x00000000038a9510 code [0x00000000038a9720, 0x00000000038aace0]
Event: 1.270 Thread 0x000000001e8c8800  879       4       sun.awt.image.OffScreenImageSource::sendPixels (733 bytes)

GC Heap History (0 events):
No events

Deoptimization events (10 events):
Event: 0.306 Thread 0x0000000020782800 Uncommon trap: reason=unstable_if action=reinterpret pc=0x000000000373f30c method=sun.awt.image.PNGImageDecoder.produceImage()V @ 867
Event: 1.166 Thread 0x00000000206b8800 Uncommon trap: reason=class_check action=maybe_recompile pc=0x0000000003816560 method=java.util.HashMap.getNode(ILjava/lang/Object;)Ljava/util/HashMap$Node; @ 126
Event: 1.169 Thread 0x00000000206b8800 Uncommon trap: reason=class_check action=maybe_recompile pc=0x0000000003816560 method=java.util.HashMap.getNode(ILjava/lang/Object;)Ljava/util/HashMap$Node; @ 126
Event: 1.169 Thread 0x00000000206b8800 Uncommon trap: reason=class_check action=maybe_recompile pc=0x0000000003816560 method=java.util.HashMap.getNode(ILjava/lang/Object;)Ljava/util/HashMap$Node; @ 126
Event: 1.169 Thread 0x00000000206b8800 Uncommon trap: reason=class_check action=maybe_recompile pc=0x0000000003816560 method=java.util.HashMap.getNode(ILjava/lang/Object;)Ljava/util/HashMap$Node; @ 126
Event: 1.194 Thread 0x00000000206b8800 Uncommon trap: reason=unstable_if action=reinterpret pc=0x00000000037a3114 method=java.awt.Component.inside(II)Z @ 1
Event: 1.251 Thread 0x00000000206b8800 Uncommon trap: reason=unstable_if action=reinterpret pc=0x000000000388913c method=java.awt.image.ComponentColorModel.getRGB(Ljava/lang/Object;)I @ 4
Event: 1.251 Thread 0x00000000206b8800 Uncommon trap: reason=unstable_if action=reinterpret pc=0x000000000387dd5c method=java.awt.image.ComponentColorModel.getAlpha(Ljava/lang/Object;)I @ 4
Event: 1.251 Thread 0x00000000206b8800 Uncommon trap: reason=unstable_if action=reinterpret pc=0x000000000387cc9c method=java.awt.image.ComponentColorModel.extractComponent(Ljava/lang/Object;II)I @ 4
Event: 1.251 Thread 0x00000000206b8800 Uncommon trap: reason=unstable_if action=reinterpret pc=0x000000000387ea74 method=java.awt.image.ComponentColorModel.getAlpha(Ljava/lang/Object;)I @ 4

Classes redefined (0 events):
No events

Internal exceptions (10 events):
Event: 0.022 Thread 0x000000000323e000 Exception <a 'java/lang/NoSuchMethodError': Method sun.misc.Unsafe.defineClass(Ljava/lang/String;[BII)Ljava/lang/Class; name or signature does not match> (0x000000076af07cb0) thrown at [C:\re\workspace\8-2-build-windows-amd64-cygwin\jdk8u171\10807\hotspot
Event: 0.022 Thread 0x000000000323e000 Exception <a 'java/lang/NoSuchMethodError': Method sun.misc.Unsafe.prefetchRead(Ljava/lang/Object;J)V name or signature does not match> (0x000000076af07f98) thrown at [C:\re\workspace\8-2-build-windows-amd64-cygwin\jdk8u171\10807\hotspot\src\share\vm\prim
Event: 0.063 Thread 0x000000000323e000 Exception <a 'java/security/PrivilegedActionException'> (0x000000076afa0658) thrown at [C:\re\workspace\8-2-build-windows-amd64-cygwin\jdk8u171\10807\hotspot\src\share\vm\prims\jvm.cpp, line 1435]
Event: 0.063 Thread 0x000000000323e000 Exception <a 'java/security/PrivilegedActionException'> (0x000000076afa0868) thrown at [C:\re\workspace\8-2-build-windows-amd64-cygwin\jdk8u171\10807\hotspot\src\share\vm\prims\jvm.cpp, line 1435]
Event: 0.063 Thread 0x000000000323e000 Exception <a 'java/security/PrivilegedActionException'> (0x000000076afa44d8) thrown at [C:\re\workspace\8-2-build-windows-amd64-cygwin\jdk8u171\10807\hotspot\src\share\vm\prims\jvm.cpp, line 1435]
Event: 0.063 Thread 0x000000000323e000 Exception <a 'java/security/PrivilegedActionException'> (0x000000076afa46e8) thrown at [C:\re\workspace\8-2-build-windows-amd64-cygwin\jdk8u171\10807\hotspot\src\share\vm\prims\jvm.cpp, line 1435]
Event: 0.067 Thread 0x000000000323e000 Exception <a 'java/io/FileNotFoundException'> (0x000000076afa9b48) thrown at [C:\re\workspace\8-2-build-windows-amd64-cygwin\jdk8u171\10807\hotspot\src\share\vm\prims\jni.cpp, line 709]
Event: 0.086 Thread 0x000000000323e000 Exception <a 'java/lang/NoSuchFieldError': method resolution failed> (0x000000076b1c2280) thrown at [C:\re\workspace\8-2-build-windows-amd64-cygwin\jdk8u171\10807\hotspot\src\share\vm\prims\methodHandles.cpp, line 1167]
Event: 0.088 Thread 0x000000000323e000 Exception <a 'java/lang/NoSuchFieldError': method resolution failed> (0x000000076b1cf650) thrown at [C:\re\workspace\8-2-build-windows-amd64-cygwin\jdk8u171\10807\hotspot\src\share\vm\prims\methodHandles.cpp, line 1167]
Event: 0.123 Thread 0x00000000206b8800 Exception <a 'java/io/FileNotFoundException'> (0x000000076b431790) thrown at [C:\re\workspace\8-2-build-windows-amd64-cygwin\jdk8u171\10807\hotspot\src\share\vm\prims\jni.cpp, line 709]

Events (10 events):
Event: 1.265 Thread 0x00000000206b8800 DEOPT PACKING pc=0x0000000003861372 sp=0x00000000213eb760
Event: 1.265 Thread 0x00000000206b8800 DEOPT UNPACKING pc=0x0000000003577890 sp=0x00000000213eb4c0 mode 0
Event: 1.265 Thread 0x00000000206b8800 DEOPT PACKING pc=0x0000000003861372 sp=0x00000000213eb760
Event: 1.265 Thread 0x00000000206b8800 DEOPT UNPACKING pc=0x0000000003577890 sp=0x00000000213eb4c0 mode 0
Event: 1.265 Thread 0x00000000206b8800 DEOPT PACKING pc=0x0000000003861372 sp=0x00000000213eb760
Event: 1.265 Thread 0x00000000206b8800 DEOPT UNPACKING pc=0x0000000003577890 sp=0x00000000213eb4c0 mode 0
Event: 1.265 Thread 0x00000000206b8800 DEOPT PACKING pc=0x0000000003861372 sp=0x00000000213eb760
Event: 1.265 Thread 0x00000000206b8800 DEOPT UNPACKING pc=0x0000000003577890 sp=0x00000000213eb4c0 mode 0
Event: 1.270 Thread 0x00000000206b8800 DEOPT PACKING pc=0x0000000003896c93 sp=0x00000000213ec180
Event: 1.270 Thread 0x00000000206b8800 DEOPT UNPACKING pc=0x0000000003577890 sp=0x00000000213ebf40 mode 0


Dynamic libraries:
0x00007ff6bc320000 - 0x00007ff6bc357000 	C:\Program Files\Java\jre1.8.0_171\bin\javaw.exe
0x00007ff87e4b0000 - 0x00007ff87e691000 	C:\Windows\SYSTEM32\ntdll.dll
0x00007ff87bf40000 - 0x00007ff87bff2000 	C:\Windows\System32\KERNEL32.DLL
0x00007ff87a970000 - 0x00007ff87abe3000 	C:\Windows\System32\KERNELBASE.dll
0x00007ff87c080000 - 0x00007ff87c121000 	C:\Windows\System32\ADVAPI32.dll
0x00007ff87df30000 - 0x00007ff87dfce000 	C:\Windows\System32\msvcrt.dll
0x00007ff87c130000 - 0x00007ff87c18b000 	C:\Windows\System32\sechost.dll
0x00007ff87c320000 - 0x00007ff87c444000 	C:\Windows\System32\RPCRT4.dll
0x00007ff87bd90000 - 0x00007ff87bf20000 	C:\Windows\System32\USER32.dll
0x00007ff87b920000 - 0x00007ff87b940000 	C:\Windows\System32\win32u.dll
0x00007ff87d980000 - 0x00007ff87d9a8000 	C:\Windows\System32\GDI32.dll
0x00007ff87b5d0000 - 0x00007ff87b762000 	C:\Windows\System32\gdi32full.dll
0x00007ff87a880000 - 0x00007ff87a91f000 	C:\Windows\System32\msvcp_win.dll
0x00007ff87b770000 - 0x00007ff87b86a000 	C:\Windows\System32\ucrtbase.dll
0x00007ff8739e0000 - 0x00007ff873c49000 	C:\Windows\WinSxS\amd64_microsoft.windows.common-controls_6595b64144ccf1df_6.0.17134.285_none_fb4297e330656775\COMCTL32.dll
0x00007ff87d9b0000 - 0x00007ff87dcd3000 	C:\Windows\System32\combase.dll
0x00007ff87abf0000 - 0x00007ff87ac6a000 	C:\Windows\System32\bcryptPrimitives.dll
0x00007ff87e340000 - 0x00007ff87e36d000 	C:\Windows\System32\IMM32.DLL
0x000000005caf0000 - 0x000000005cbc2000 	C:\Program Files\Java\jre1.8.0_171\bin\msvcr100.dll
0x000000005ce70000 - 0x000000005d710000 	C:\Program Files\Java\jre1.8.0_171\bin\server\jvm.dll
0x00007ff87dfd0000 - 0x00007ff87dfd8000 	C:\Windows\System32\PSAPI.DLL
0x00007ff877240000 - 0x00007ff877249000 	C:\Windows\SYSTEM32\WSOCK32.dll
0x00007ff875c40000 - 0x00007ff875c4a000 	C:\Windows\SYSTEM32\VERSION.dll
0x00007ff878a50000 - 0x00007ff878a73000 	C:\Windows\SYSTEM32\WINMM.dll
0x00007ff87dce0000 - 0x00007ff87dd4c000 	C:\Windows\System32\WS2_32.dll
0x00007ff878900000 - 0x00007ff87892a000 	C:\Windows\SYSTEM32\winmmbase.dll
0x00007ff87a920000 - 0x00007ff87a969000 	C:\Windows\System32\cfgmgr32.dll
0x000000005cd80000 - 0x000000005cd8f000 	C:\Program Files\Java\jre1.8.0_171\bin\verify.dll
0x000000005cd50000 - 0x000000005cd79000 	C:\Program Files\Java\jre1.8.0_171\bin\java.dll
0x000000005cd30000 - 0x000000005cd46000 	C:\Program Files\Java\jre1.8.0_171\bin\zip.dll
0x00007ff87c450000 - 0x00007ff87d890000 	C:\Windows\System32\SHELL32.dll
0x00007ff87e3d0000 - 0x00007ff87e479000 	C:\Windows\System32\shcore.dll
0x00007ff87ac70000 - 0x00007ff87b37d000 	C:\Windows\System32\windows.storage.dll
0x00007ff87e140000 - 0x00007ff87e191000 	C:\Windows\System32\shlwapi.dll
0x00007ff87a860000 - 0x00007ff87a871000 	C:\Windows\System32\kernel.appcore.dll
0x00007ff87a840000 - 0x00007ff87a85f000 	C:\Windows\System32\profapi.dll
0x00007ff87a7f0000 - 0x00007ff87a83c000 	C:\Windows\System32\powrprof.dll
0x00007ff87a7c0000 - 0x00007ff87a7ca000 	C:\Windows\System32\FLTLIB.DLL
0x000000005c950000 - 0x000000005cae8000 	C:\Program Files\Java\jre1.8.0_171\bin\awt.dll
0x00007ff87dd60000 - 0x00007ff87de22000 	C:\Windows\System32\OLEAUT32.dll
0x00007ff878b50000 - 0x00007ff878bdb000 	C:\Windows\SYSTEM32\apphelp.dll
0x00007ff878dd0000 - 0x00007ff878e68000 	C:\Windows\system32\uxtheme.dll
0x00007ff87c190000 - 0x00007ff87c305000 	C:\Windows\System32\MSCTF.dll
0x00007ff878f50000 - 0x00007ff878f79000 	C:\Windows\system32\dwmapi.dll
0x00007ff87dfe0000 - 0x00007ff87e131000 	C:\Windows\System32\ole32.dll
0x00007ff84d6b0000 - 0x00007ff84d7d0000 	C:\Windows\system32\opengl32.dll
0x00007ff84dc40000 - 0x00007ff84dc6c000 	C:\Windows\SYSTEM32\GLU32.dll
0x00007ff871640000 - 0x00007ff8717d7000 	C:\Windows\system32\d3d9.dll
0x00007ff873de0000 - 0x00007ff873ecc000 	C:\Windows\System32\DriverStore\FileRepository\nv_dispi.inf_amd64_adc520364db29861\nvldumdx.dll
0x00007ff87b380000 - 0x00007ff87b562000 	C:\Windows\System32\crypt32.dll
0x00007ff87a7d0000 - 0x00007ff87a7e2000 	C:\Windows\System32\MSASN1.dll
0x00007ff87b570000 - 0x00007ff87b5c7000 	C:\Windows\System32\WINTRUST.DLL
0x00007ff87bf20000 - 0x00007ff87bf3d000 	C:\Windows\System32\imagehlp.dll
0x00007ff87a1f0000 - 0x00007ff87a207000 	C:\Windows\SYSTEM32\CRYPTSP.dll
0x00007ff879bc0000 - 0x00007ff879bf3000 	C:\Windows\system32\rsaenh.dll
0x00007ff87a320000 - 0x00007ff87a345000 	C:\Windows\SYSTEM32\bcrypt.dll
0x00007ff87a210000 - 0x00007ff87a21b000 	C:\Windows\SYSTEM32\CRYPTBASE.dll
0x00007ff818f40000 - 0x00007ff81a179000 	C:\Windows\System32\DriverStore\FileRepository\nv_dispi.inf_amd64_adc520364db29861\nvd3dumx.dll
0x00007ff871d90000 - 0x00007ff871e53000 	C:\Program Files (x86)\NVIDIA Corporation\3D Vision\nvSCPAPI64.dll
0x00007ff87b940000 - 0x00007ff87bd8b000 	C:\Windows\System32\SETUPAPI.dll
0x00007ff852330000 - 0x00007ff852574000 	C:\Windows\system32\nvspcap64.dll
0x00007ff8798b0000 - 0x00007ff8798e1000 	C:\Windows\SYSTEM32\ntmarta.dll
0x00007ff879500000 - 0x00007ff879522000 	C:\Windows\SYSTEM32\gpapi.dll
0x00007ff874e50000 - 0x00007ff874e7e000 	C:\Windows\SYSTEM32\cryptnet.dll
0x000000005c900000 - 0x000000005c947000 	C:\Program Files\Java\jre1.8.0_171\bin\fontmanager.dll
0x00007ff872c50000 - 0x00007ff872ce7000 	C:\Windows\System32\TextInputFramework.dll
0x00007ff875fb0000 - 0x00007ff8762ce000 	C:\Windows\System32\CoreUIComponents.dll
0x00007ff878820000 - 0x00007ff8788fa000 	C:\Windows\System32\CoreMessaging.dll
0x00007ff876680000 - 0x00007ff8767cd000 	C:\Windows\SYSTEM32\wintypes.dll
0x000000005cd10000 - 0x000000005cd2a000 	C:\Program Files\Java\jre1.8.0_171\bin\net.dll
0x00007ff87a040000 - 0x00007ff87a0a6000 	C:\Windows\system32\mswsock.dll
0x000000005ccf0000 - 0x000000005cd01000 	C:\Program Files\Java\jre1.8.0_171\bin\nio.dll
0x000000005c8b0000 - 0x000000005c8f2000 	C:\Program Files\Java\jre1.8.0_171\bin\t2k.dll
0x00007ff87de90000 - 0x00007ff87df30000 	C:\Windows\System32\clbcatq.dll
0x00007ff8769a0000 - 0x00007ff876b4e000 	C:\Windows\SYSTEM32\WindowsCodecs.dll
0x00007ff85b5d0000 - 0x00007ff85b628000 	C:\Windows\system32\dataexchange.dll
0x00007ff877a60000 - 0x00007ff877d6b000 	C:\Windows\system32\d3d11.dll
0x00007ff878340000 - 0x00007ff8784dc000 	C:\Windows\system32\dcomp.dll
0x00007ff879580000 - 0x00007ff87963b000 	C:\Windows\system32\dxgi.dll
0x00007ff879090000 - 0x00007ff879248000 	C:\Windows\system32\twinapi.appcore.dll
0x00007ff879030000 - 0x00007ff879051000 	C:\Windows\system32\RMCLIENT.dll
0x000000005c870000 - 0x000000005c8a1000 	C:\Program Files\Java\jre1.8.0_171\bin\jpeg.dll

VM Arguments:
jvm_args: -Dfile.encoding=Cp1252 
java_command: application.GUI
java_class_path (initial): C:\Program Files\Java\jre1.8.0_171\lib\resources.jar;C:\Program Files\Java\jre1.8.0_171\lib\rt.jar;C:\Program Files\Java\jre1.8.0_171\lib\jsse.jar;C:\Program Files\Java\jre1.8.0_171\lib\jce.jar;C:\Program Files\Java\jre1.8.0_171\lib\charsets.jar;C:\Program Files\Java\jre1.8.0_171\lib\jfr.jar;C:\Program Files\Java\jre1.8.0_171\lib\ext\access-bridge-64.jar;C:\Program Files\Java\jre1.8.0_171\lib\ext\cldrdata.jar;C:\Program Files\Java\jre1.8.0_171\lib\ext\dnsns.jar;C:\Program Files\Java\jre1.8.0_171\lib\ext\jaccess.jar;C:\Program Files\Java\jre1.8.0_171\lib\ext\jfxrt.jar;C:\Program Files\Java\jre1.8.0_171\lib\ext\localedata.jar;C:\Program Files\Java\jre1.8.0_171\lib\ext\nashorn.jar;C:\Program Files\Java\jre1.8.0_171\lib\ext\sunec.jar;C:\Program Files\Java\jre1.8.0_171\lib\ext\sunjce_provider.jar;C:\Program Files\Java\jre1.8.0_171\lib\ext\sunmscapi.jar;C:\Program Files\Java\jre1.8.0_171\lib\ext\sunpkcs11.jar;C:\Program Files\Java\jre1.8.0_171\lib\ext\zipfs.jar;C:\Users\Niran\git\SWEN225_GroupProject\bin
Launcher Type: SUN_STANDARD

Environment Variables:
PATH=C:/Program Files/Java/jre1.8.0_171/bin/server;C:/Program Files/Java/jre1.8.0_171/bin;C:/Program Files/Java/jre1.8.0_171/lib/amd64;C:\Program Files (x86)\Common Files\Oracle\Java\javapath;C:\Program Files (x86)\Intel\iCLS Client\;C:\Program Files\Intel\iCLS Client\;C:\Windows\system32;C:\Windows;C:\Windows\System32\Wbem;C:\Windows\System32\WindowsPowerShell\v1.0\;C:\Windows\System32\OpenSSH\;C:\Program Files (x86)\NVIDIA Corporation\PhysX\Common;C:\Program Files (x86)\Intel\Intel(R) Management Engine Components\DAL;C:\Program Files\Intel\Intel(R) Management Engine Components\DAL;C:\Program Files (x86)\Intel\Intel(R) Management Engine Components\IPT;C:\Program Files\Intel\Intel(R) Management Engine Components\IPT;C:\Users\Niran\AppData\Local\Microsoft\WindowsApps;;C:\Users\Niran\Downloads\eclipse-java-photon-R-win32-x86_64\eclipse;
USERNAME=Niran
OS=Windows_NT
PROCESSOR_IDENTIFIER=Intel64 Family 6 Model 158 Stepping 10, GenuineIntel



---------------  S Y S T E M  ---------------

OS: Windows 10.0 , 64 bit Build 17134 (10.0.17134.1)

CPU:total 12 (initial active 12) (6 cores per cpu, 2 threads per core) family 6 model 158 stepping 10, cmov, cx8, fxsr, mmx, sse, sse2, sse3, ssse3, sse4.1, sse4.2, popcnt, avx, avx2, aes, clmul, erms, rtm, 3dnowpref, lzcnt, ht, tsc, tscinvbit, bmi1, bmi2, adx

Memory: 4k page, physical 16727316k(8634792k free), swap 47181584k(5952k free)

vm_info: Java HotSpot(TM) 64-Bit Server VM (25.171-b11) for windows-amd64 JRE (1.8.0_171-b11), built on Mar 28 2018 16:06:12 by "java_re" with MS VC++ 10.0 (VS2010)

time: Tue Oct 09 23:40:49 2018
elapsed time: 1 seconds (0d 0h 0m 1s)

