#
# There is insufficient memory for the Java Runtime Environment to continue.
# Native memory allocation (malloc) failed to allocate 32744 bytes for ChunkPool::allocate
# Possible reasons:
#   The system is out of physical RAM or swap space
#   In 32 bit mode, the process size limit was hit
# Possible solutions:
#   Reduce memory load on the system
#   Increase physical memory or swap space
#   Check if swap backing store is full
#   Use 64 bit Java on a 64 bit OS
#   Decrease Java heap size (-Xmx/-Xms)
#   Decrease number of Java threads
#   Decrease Java thread stack sizes (-Xss)
#   Set larger code cache with -XX:ReservedCodeCacheSize=
# This output file may be truncated or incomplete.
#
#  Out of Memory Error (allocation.cpp:273), pid=9816, tid=0x0000000000006f74
#
# JRE version: Java(TM) SE Runtime Environment (8.0_171-b11) (build 1.8.0_171-b11)
# Java VM: Java HotSpot(TM) 64-Bit Server VM (25.171-b11 mixed mode windows-amd64 compressed oops)
# Failed to write core dump. Minidumps are not enabled by default on client versions of Windows
#

---------------  T H R E A D  ---------------

Current thread (0x000000001e3b1800):  JavaThread "C1 CompilerThread3" daemon [_thread_in_native, id=28532, stack(0x000000001fd00000,0x000000001fe00000)]

Stack: [0x000000001fd00000,0x000000001fe00000]
[error occurred during error reporting (printing stack bounds), id 0xc0000005]

Native frames: (J=compiled Java code, j=interpreted, Vv=VM code, C=native code)


Current CompileTask:
C1:    617  647   !   3       java.awt.DefaultKeyboardFocusManager::dispatchEvent (1640 bytes)


---------------  P R O C E S S  ---------------

Java Threads: ( => current thread )
  0x000000002028e000 JavaThread "Image Fetcher 0" daemon [_thread_blocked, id=28032, stack(0x000000002a5f0000,0x000000002a6f0000)]
  0x0000000002e1e000 JavaThread "DestroyJavaVM" [_thread_blocked, id=26972, stack(0x0000000002e20000,0x0000000002f20000)]
  0x00000000201c2000 JavaThread "AWT-EventQueue-0" [_thread_blocked, id=28072, stack(0x0000000020dc0000,0x0000000020ec0000)]
  0x0000000020213000 JavaThread "AWT-Windows" daemon [_thread_in_native, id=15392, stack(0x0000000020b40000,0x0000000020c40000)]
  0x0000000020210800 JavaThread "AWT-Shutdown" [_thread_blocked, id=17808, stack(0x0000000020a40000,0x0000000020b40000)]
  0x0000000020210000 JavaThread "Java2D Disposer" daemon [_thread_blocked, id=17772, stack(0x0000000020940000,0x0000000020a40000)]
  0x000000001e439000 JavaThread "Service Thread" daemon [_thread_blocked, id=27716, stack(0x000000001fe00000,0x000000001ff00000)]
=>0x000000001e3b1800 JavaThread "C1 CompilerThread3" daemon [_thread_in_native, id=28532, stack(0x000000001fd00000,0x000000001fe00000)]
  0x000000001e3af800 JavaThread "C2 CompilerThread2" daemon [_thread_blocked, id=8916, stack(0x000000001fc00000,0x000000001fd00000)]
  0x000000001e3a7800 JavaThread "C2 CompilerThread1" daemon [_thread_blocked, id=30208, stack(0x000000001fb00000,0x000000001fc00000)]
  0x000000001e3a1000 JavaThread "C2 CompilerThread0" daemon [_thread_blocked, id=16600, stack(0x000000001fa00000,0x000000001fb00000)]
  0x000000001e39f000 JavaThread "Attach Listener" daemon [_thread_blocked, id=28548, stack(0x000000001f900000,0x000000001fa00000)]
  0x000000001e39e000 JavaThread "Signal Dispatcher" daemon [_thread_blocked, id=2072, stack(0x000000001f800000,0x000000001f900000)]
  0x000000001ccd3800 JavaThread "Finalizer" daemon [_thread_blocked, id=16428, stack(0x000000001f610000,0x000000001f710000)]
  0x000000001cccc800 JavaThread "Reference Handler" daemon [_thread_blocked, id=20340, stack(0x000000001f510000,0x000000001f610000)]

Other Threads:
  0x000000001e372800 VMThread [stack: 0x000000001f410000,0x000000001f510000] [id=23720]
  0x000000001e45c000 WatcherThread [stack: 0x000000001ff00000,0x0000000020000000] [id=27628]

VM state:not at safepoint (normal execution)

VM Mutex/Monitor currently owned by a thread: None

Heap:
 PSYoungGen      total 76288K, used 22186K [0x000000076af00000, 0x0000000770400000, 0x00000007c0000000)
  eden space 65536K, 33% used [0x000000076af00000,0x000000076c4aa8a0,0x000000076ef00000)
  from space 10752K, 0% used [0x000000076f980000,0x000000076f980000,0x0000000770400000)
  to   space 10752K, 0% used [0x000000076ef00000,0x000000076ef00000,0x000000076f980000)
 ParOldGen       total 175104K, used 0K [0x00000006c0c00000, 0x00000006cb700000, 0x000000076af00000)
  object space 175104K, 0% used [0x00000006c0c00000,0x00000006c0c00000,0x00000006cb700000)
 Metaspace       used 9541K, capacity 9738K, committed 9984K, reserved 1058816K
  class space    used 1167K, capacity 1257K, committed 1280K, reserved 1048576K

Card table byte_map: [0x00000000123e0000,0x0000000012be0000] byte_map_base: 0x000000000edda000

Marking Bits: (ParMarkBitMap*) 0x000000005d6908c0
 Begin Bits: [0x0000000013b40000, 0x0000000017b10000)
 End Bits:   [0x0000000017b10000, 0x000000001bae0000)

Polling page: 0x0000000000f90000

CodeCache: size=245760Kb used=2633Kb max_used=2633Kb free=243126Kb
 bounds [0x0000000003020000, 0x00000000032c0000, 0x0000000012020000]
 total_blobs=1111 nmethods=646 adapters=378
 compilation: enabled

Compilation events (10 events):
Event: 0.593 Thread 0x000000001e3b1800 nmethod 642 0x00000000032b02d0 code [0x00000000032b0440, 0x00000000032b0728]
Event: 0.598 Thread 0x000000001e3b1800  643   !   3       java.awt.EventQueue::wakeup (79 bytes)
Event: 0.598 Thread 0x000000001e3b1800 nmethod 643 0x00000000032b0810 code [0x00000000032b0a20, 0x00000000032b12b8]
Event: 0.598 Thread 0x000000001e3b1800  644       3       java.awt.Toolkit::getEventQueue (7 bytes)
Event: 0.598 Thread 0x000000001e3b1800 nmethod 644 0x00000000032b1750 code [0x00000000032b1900, 0x00000000032b1ea8]
Event: 0.598 Thread 0x000000001e3b1800  645       3       sun.awt.SunToolkit::getSystemEventQueueImpl (4 bytes)
Event: 0.598 Thread 0x000000001e3b1800 nmethod 645 0x00000000032b2110 code [0x00000000032b22a0, 0x00000000032b2678]
Event: 0.605 Thread 0x000000001e3b1800  646       3       java.awt.EventQueue::setCurrentEventAndMostRecentTime (8 bytes)
Event: 0.605 Thread 0x000000001e3b1800 nmethod 646 0x00000000032b2810 code [0x00000000032b29e0, 0x00000000032b3018]
Event: 0.609 Thread 0x000000001e3b1800  647   !   3       java.awt.DefaultKeyboardFocusManager::dispatchEvent (1640 bytes)

GC Heap History (0 events):
No events

Deoptimization events (2 events):
Event: 0.295 Thread 0x000000002028e000 Uncommon trap: reason=unstable_if action=reinterpret pc=0x000000000322d54c method=sun.awt.image.PNGImageDecoder.produceImage()V @ 867
Event: 0.551 Thread 0x00000000201c2000 Uncommon trap: reason=unstable_if action=reinterpret pc=0x000000000329224c method=java.awt.Component.inside(II)Z @ 9

Classes redefined (0 events):
No events

Internal exceptions (10 events):
Event: 0.022 Thread 0x0000000002e1e000 Exception <a 'java/lang/NoSuchMethodError': Method sun.misc.Unsafe.defineClass(Ljava/lang/String;[BII)Ljava/lang/Class; name or signature does not match> (0x000000076af07cb0) thrown at [C:\re\workspace\8-2-build-windows-amd64-cygwin\jdk8u171\10807\hotspot
Event: 0.022 Thread 0x0000000002e1e000 Exception <a 'java/lang/NoSuchMethodError': Method sun.misc.Unsafe.prefetchRead(Ljava/lang/Object;J)V name or signature does not match> (0x000000076af07f98) thrown at [C:\re\workspace\8-2-build-windows-amd64-cygwin\jdk8u171\10807\hotspot\src\share\vm\prim
Event: 0.064 Thread 0x0000000002e1e000 Exception <a 'java/security/PrivilegedActionException'> (0x000000076afa0658) thrown at [C:\re\workspace\8-2-build-windows-amd64-cygwin\jdk8u171\10807\hotspot\src\share\vm\prims\jvm.cpp, line 1435]
Event: 0.064 Thread 0x0000000002e1e000 Exception <a 'java/security/PrivilegedActionException'> (0x000000076afa0868) thrown at [C:\re\workspace\8-2-build-windows-amd64-cygwin\jdk8u171\10807\hotspot\src\share\vm\prims\jvm.cpp, line 1435]
Event: 0.064 Thread 0x0000000002e1e000 Exception <a 'java/security/PrivilegedActionException'> (0x000000076afa44d8) thrown at [C:\re\workspace\8-2-build-windows-amd64-cygwin\jdk8u171\10807\hotspot\src\share\vm\prims\jvm.cpp, line 1435]
Event: 0.064 Thread 0x0000000002e1e000 Exception <a 'java/security/PrivilegedActionException'> (0x000000076afa46e8) thrown at [C:\re\workspace\8-2-build-windows-amd64-cygwin\jdk8u171\10807\hotspot\src\share\vm\prims\jvm.cpp, line 1435]
Event: 0.067 Thread 0x0000000002e1e000 Exception <a 'java/io/FileNotFoundException'> (0x000000076afa9b48) thrown at [C:\re\workspace\8-2-build-windows-amd64-cygwin\jdk8u171\10807\hotspot\src\share\vm\prims\jni.cpp, line 709]
Event: 0.087 Thread 0x0000000002e1e000 Exception <a 'java/lang/NoSuchFieldError': method resolution failed> (0x000000076b1c1f38) thrown at [C:\re\workspace\8-2-build-windows-amd64-cygwin\jdk8u171\10807\hotspot\src\share\vm\prims\methodHandles.cpp, line 1167]
Event: 0.087 Thread 0x0000000002e1e000 Exception <a 'java/lang/NoSuchFieldError': method resolution failed> (0x000000076b1cf308) thrown at [C:\re\workspace\8-2-build-windows-amd64-cygwin\jdk8u171\10807\hotspot\src\share\vm\prims\methodHandles.cpp, line 1167]
Event: 0.121 Thread 0x00000000201c2000 Exception <a 'java/io/FileNotFoundException'> (0x000000076b4315f8) thrown at [C:\re\workspace\8-2-build-windows-amd64-cygwin\jdk8u171\10807\hotspot\src\share\vm\prims\jni.cpp, line 709]

Events (10 events):
Event: 0.353 loading class java/text/AttributedString$AttributedStringIterator done
Event: 0.353 loading class java/awt/event/ContainerEvent
Event: 0.353 loading class java/awt/event/ContainerEvent done
Event: 0.356 loading class java/util/concurrent/locks/LockSupport
Event: 0.356 loading class java/util/concurrent/locks/LockSupport done
Event: 0.503 loading class javax/swing/event/ChangeEvent
Event: 0.503 loading class javax/swing/event/ChangeEvent done
Event: 0.551 Thread 0x00000000201c2000 Uncommon trap: trap_request=0xffffff65 fr.pc=0x000000000329224c
Event: 0.551 Thread 0x00000000201c2000 DEOPT PACKING pc=0x000000000329224c sp=0x0000000020ebdd70
Event: 0.551 Thread 0x00000000201c2000 DEOPT UNPACKING pc=0x000000000306583b sp=0x0000000020ebdc20 mode 2


Dynamic libraries:
0x00007ff6bc320000 - 0x00007ff6bc357000 	C:\Program Files\Java\jre1.8.0_171\bin\javaw.exe
0x00007ff87e4b0000 - 0x00007ff87e691000 	C:\Windows\SYSTEM32\ntdll.dll
0x00007ff87bf40000 - 0x00007ff87bff2000 	C:\Windows\System32\KERNEL32.DLL
0x00007ff87a970000 - 0x00007ff87abe3000 	C:\Windows\System32\KERNELBASE.dll
0x00007ff87c080000 - 0x00007ff87c121000 	C:\Windows\System32\ADVAPI32.dll
0x00007ff87df30000 - 0x00007ff87dfce000 	C:\Windows\System32\msvcrt.dll
0x00007ff87c130000 - 0x00007ff87c18b000 	C:\Windows\System32\sechost.dll
0x00007ff87c320000 - 0x00007ff87c444000 	C:\Windows\System32\RPCRT4.dll
0x00007ff87bd90000 - 0x00007ff87bf20000 	C:\Windows\System32\USER32.dll
0x00007ff87b920000 - 0x00007ff87b940000 	C:\Windows\System32\win32u.dll
0x00007ff87d980000 - 0x00007ff87d9a8000 	C:\Windows\System32\GDI32.dll
0x00007ff87b5d0000 - 0x00007ff87b762000 	C:\Windows\System32\gdi32full.dll
0x00007ff87a880000 - 0x00007ff87a91f000 	C:\Windows\System32\msvcp_win.dll
0x00007ff87b770000 - 0x00007ff87b86a000 	C:\Windows\System32\ucrtbase.dll
0x00007ff8739e0000 - 0x00007ff873c49000 	C:\Windows\WinSxS\amd64_microsoft.windows.common-controls_6595b64144ccf1df_6.0.17134.285_none_fb4297e330656775\COMCTL32.dll
0x00007ff87d9b0000 - 0x00007ff87dcd3000 	C:\Windows\System32\combase.dll
0x00007ff87abf0000 - 0x00007ff87ac6a000 	C:\Windows\System32\bcryptPrimitives.dll
0x00007ff87e340000 - 0x00007ff87e36d000 	C:\Windows\System32\IMM32.DLL
0x000000005caf0000 - 0x000000005cbc2000 	C:\Program Files\Java\jre1.8.0_171\bin\msvcr100.dll
0x000000005ce70000 - 0x000000005d710000 	C:\Program Files\Java\jre1.8.0_171\bin\server\jvm.dll
0x00007ff87dfd0000 - 0x00007ff87dfd8000 	C:\Windows\System32\PSAPI.DLL
0x00007ff877240000 - 0x00007ff877249000 	C:\Windows\SYSTEM32\WSOCK32.dll
0x00007ff878a50000 - 0x00007ff878a73000 	C:\Windows\SYSTEM32\WINMM.dll
0x00007ff87dce0000 - 0x00007ff87dd4c000 	C:\Windows\System32\WS2_32.dll
0x00007ff875c40000 - 0x00007ff875c4a000 	C:\Windows\SYSTEM32\VERSION.dll
0x00007ff878900000 - 0x00007ff87892a000 	C:\Windows\SYSTEM32\WINMMBASE.dll
0x00007ff87a920000 - 0x00007ff87a969000 	C:\Windows\System32\cfgmgr32.dll
0x000000005cd80000 - 0x000000005cd8f000 	C:\Program Files\Java\jre1.8.0_171\bin\verify.dll
0x000000005cd50000 - 0x000000005cd79000 	C:\Program Files\Java\jre1.8.0_171\bin\java.dll
0x000000005cd30000 - 0x000000005cd46000 	C:\Program Files\Java\jre1.8.0_171\bin\zip.dll
0x00007ff87c450000 - 0x00007ff87d890000 	C:\Windows\System32\SHELL32.dll
0x00007ff87e3d0000 - 0x00007ff87e479000 	C:\Windows\System32\shcore.dll
0x00007ff87ac70000 - 0x00007ff87b37d000 	C:\Windows\System32\windows.storage.dll
0x00007ff87e140000 - 0x00007ff87e191000 	C:\Windows\System32\shlwapi.dll
0x00007ff87a860000 - 0x00007ff87a871000 	C:\Windows\System32\kernel.appcore.dll
0x00007ff87a840000 - 0x00007ff87a85f000 	C:\Windows\System32\profapi.dll
0x00007ff87a7f0000 - 0x00007ff87a83c000 	C:\Windows\System32\powrprof.dll
0x00007ff87a7c0000 - 0x00007ff87a7ca000 	C:\Windows\System32\FLTLIB.DLL
0x000000005c950000 - 0x000000005cae8000 	C:\Program Files\Java\jre1.8.0_171\bin\awt.dll
0x00007ff87dd60000 - 0x00007ff87de22000 	C:\Windows\System32\OLEAUT32.dll
0x00007ff878b50000 - 0x00007ff878bdb000 	C:\Windows\SYSTEM32\apphelp.dll
0x00007ff878dd0000 - 0x00007ff878e68000 	C:\Windows\system32\uxtheme.dll
0x00007ff87c190000 - 0x00007ff87c305000 	C:\Windows\System32\MSCTF.dll
0x00007ff878f50000 - 0x00007ff878f79000 	C:\Windows\system32\dwmapi.dll
0x00007ff87dfe0000 - 0x00007ff87e131000 	C:\Windows\System32\ole32.dll
0x00007ff84d6b0000 - 0x00007ff84d7d0000 	C:\Windows\system32\opengl32.dll
0x00007ff84dc40000 - 0x00007ff84dc6c000 	C:\Windows\SYSTEM32\GLU32.dll
0x00007ff871640000 - 0x00007ff8717d7000 	C:\Windows\system32\d3d9.dll
0x00007ff873de0000 - 0x00007ff873ecc000 	C:\Windows\System32\DriverStore\FileRepository\nv_dispi.inf_amd64_adc520364db29861\nvldumdx.dll
0x00007ff87b380000 - 0x00007ff87b562000 	C:\Windows\System32\crypt32.dll
0x00007ff87a7d0000 - 0x00007ff87a7e2000 	C:\Windows\System32\MSASN1.dll
0x00007ff87b570000 - 0x00007ff87b5c7000 	C:\Windows\System32\WINTRUST.DLL
0x00007ff87bf20000 - 0x00007ff87bf3d000 	C:\Windows\System32\imagehlp.dll
0x00007ff87a1f0000 - 0x00007ff87a207000 	C:\Windows\SYSTEM32\CRYPTSP.dll
0x00007ff879bc0000 - 0x00007ff879bf3000 	C:\Windows\system32\rsaenh.dll
0x00007ff87a320000 - 0x00007ff87a345000 	C:\Windows\SYSTEM32\bcrypt.dll
0x00007ff87a210000 - 0x00007ff87a21b000 	C:\Windows\SYSTEM32\CRYPTBASE.dll
0x00007ff818f40000 - 0x00007ff81a179000 	C:\Windows\System32\DriverStore\FileRepository\nv_dispi.inf_amd64_adc520364db29861\nvd3dumx.dll
0x00007ff871d90000 - 0x00007ff871e53000 	C:\Program Files (x86)\NVIDIA Corporation\3D Vision\nvSCPAPI64.dll
0x00007ff87b940000 - 0x00007ff87bd8b000 	C:\Windows\System32\SETUPAPI.dll
0x00007ff852330000 - 0x00007ff852574000 	C:\Windows\system32\nvspcap64.dll
0x00007ff8798b0000 - 0x00007ff8798e1000 	C:\Windows\SYSTEM32\ntmarta.dll
0x00007ff879500000 - 0x00007ff879522000 	C:\Windows\SYSTEM32\gpapi.dll
0x00007ff874e50000 - 0x00007ff874e7e000 	C:\Windows\SYSTEM32\cryptnet.dll
0x000000005c900000 - 0x000000005c947000 	C:\Program Files\Java\jre1.8.0_171\bin\fontmanager.dll
0x00007ff872c50000 - 0x00007ff872ce7000 	C:\Windows\System32\TextInputFramework.dll
0x00007ff875fb0000 - 0x00007ff8762ce000 	C:\Windows\System32\CoreUIComponents.dll
0x00007ff878820000 - 0x00007ff8788fa000 	C:\Windows\System32\CoreMessaging.dll
0x00007ff876680000 - 0x00007ff8767cd000 	C:\Windows\SYSTEM32\wintypes.dll
0x000000005cd10000 - 0x000000005cd2a000 	C:\Program Files\Java\jre1.8.0_171\bin\net.dll
0x00007ff87a040000 - 0x00007ff87a0a6000 	C:\Windows\system32\mswsock.dll
0x000000005ccf0000 - 0x000000005cd01000 	C:\Program Files\Java\jre1.8.0_171\bin\nio.dll
0x000000005c8b0000 - 0x000000005c8f2000 	C:\Program Files\Java\jre1.8.0_171\bin\t2k.dll

VM Arguments:
jvm_args: -Dfile.encoding=Cp1252 
java_command: application.GUI
java_class_path (initial): C:\Program Files\Java\jre1.8.0_171\lib\resources.jar;C:\Program Files\Java\jre1.8.0_171\lib\rt.jar;C:\Program Files\Java\jre1.8.0_171\lib\jsse.jar;C:\Program Files\Java\jre1.8.0_171\lib\jce.jar;C:\Program Files\Java\jre1.8.0_171\lib\charsets.jar;C:\Program Files\Java\jre1.8.0_171\lib\jfr.jar;C:\Program Files\Java\jre1.8.0_171\lib\ext\access-bridge-64.jar;C:\Program Files\Java\jre1.8.0_171\lib\ext\cldrdata.jar;C:\Program Files\Java\jre1.8.0_171\lib\ext\dnsns.jar;C:\Program Files\Java\jre1.8.0_171\lib\ext\jaccess.jar;C:\Program Files\Java\jre1.8.0_171\lib\ext\jfxrt.jar;C:\Program Files\Java\jre1.8.0_171\lib\ext\localedata.jar;C:\Program Files\Java\jre1.8.0_171\lib\ext\nashorn.jar;C:\Program Files\Java\jre1.8.0_171\lib\ext\sunec.jar;C:\Program Files\Java\jre1.8.0_171\lib\ext\sunjce_provider.jar;C:\Program Files\Java\jre1.8.0_171\lib\ext\sunmscapi.jar;C:\Program Files\Java\jre1.8.0_171\lib\ext\sunpkcs11.jar;C:\Program Files\Java\jre1.8.0_171\lib\ext\zipfs.jar;C:\Users\Niran\git\SWEN225_GroupProject\bin
Launcher Type: SUN_STANDARD

Environment Variables:
PATH=C:/Program Files/Java/jre1.8.0_171/bin/server;C:/Program Files/Java/jre1.8.0_171/bin;C:/Program Files/Java/jre1.8.0_171/lib/amd64;C:\Program Files (x86)\Common Files\Oracle\Java\javapath;C:\Program Files (x86)\Intel\iCLS Client\;C:\Program Files\Intel\iCLS Client\;C:\Windows\system32;C:\Windows;C:\Windows\System32\Wbem;C:\Windows\System32\WindowsPowerShell\v1.0\;C:\Windows\System32\OpenSSH\;C:\Program Files (x86)\NVIDIA Corporation\PhysX\Common;C:\Program Files (x86)\Intel\Intel(R) Management Engine Components\DAL;C:\Program Files\Intel\Intel(R) Management Engine Components\DAL;C:\Program Files (x86)\Intel\Intel(R) Management Engine Components\IPT;C:\Program Files\Intel\Intel(R) Management Engine Components\IPT;C:\Users\Niran\AppData\Local\Microsoft\WindowsApps;;C:\Users\Niran\Downloads\eclipse-java-photon-R-win32-x86_64\eclipse;
USERNAME=Niran
OS=Windows_NT
PROCESSOR_IDENTIFIER=Intel64 Family 6 Model 158 Stepping 10, GenuineIntel



---------------  S Y S T E M  ---------------

OS: Windows 10.0 , 64 bit Build 17134 (10.0.17134.1)

CPU:total 12 (initial active 12) (6 cores per cpu, 2 threads per core) family 6 model 158 stepping 10, cmov, cx8, fxsr, mmx, sse, sse2, sse3, ssse3, sse4.1, sse4.2, popcnt, avx, avx2, aes, clmul, erms, rtm, 3dnowpref, lzcnt, ht, tsc, tscinvbit, bmi1, bmi2, adx

Memory: 4k page, physical 16727316k(8572812k free), swap 47181584k(5128k free)

vm_info: Java HotSpot(TM) 64-Bit Server VM (25.171-b11) for windows-amd64 JRE (1.8.0_171-b11), built on Mar 28 2018 16:06:12 by "java_re" with MS VC++ 10.0 (VS2010)

time: Tue Oct 09 23:44:39 2018
elapsed time: 0 seconds (0d 0h 0m 0s)

